<?xml version="1.0" encoding="UTF-8"?>
<testsuite xmlns:xsi="http://www.w3.org/2001/XMLSchema-instance" xsi:noNamespaceSchemaLocation="https://maven.apache.org/surefire/maven-surefire-plugin/xsd/surefire-test-report.xsd" name="org.openclassroom.project.librarywebapp.LibraryWebappApplicationTests" time="70.946" tests="1" errors="0" skipped="0" failures="0">
  <properties>
    <property name="gopherProxySet" value="false"/>
    <property name="awt.toolkit" value="sun.lwawt.macosx.LWCToolkit"/>
    <property name="file.encoding.pkg" value="sun.io"/>
    <property name="java.specification.version" value="1.8"/>
    <property name="sun.cpu.isalist" value=""/>
    <property name="sun.jnu.encoding" value="UTF-8"/>
    <property name="java.class.path" value="/Users/d4rt4gn4n/Documents/projet_7_openclassroom/library-webapp/target/test-classes:/Users/d4rt4gn4n/Documents/projet_7_openclassroom/library-webapp/target/classes:/Users/d4rt4gn4n/Documents/projet_7_openclassroom/library-webapp/~/Documents/Openclassroom/openclassroom/Projet/Annexe/work/env/maven/repository/org/springframework/boot/spring-boot-starter-web/2.2.5.RELEASE/spring-boot-starter-web-2.2.5.RELEASE.jar:/Users/d4rt4gn4n/Documents/projet_7_openclassroom/library-webapp/~/Documents/Openclassroom/openclassroom/Projet/Annexe/work/env/maven/repository/org/springframework/boot/spring-boot-starter/2.2.5.RELEASE/spring-boot-starter-2.2.5.RELEASE.jar:/Users/d4rt4gn4n/Documents/projet_7_openclassroom/library-webapp/~/Documents/Openclassroom/openclassroom/Projet/Annexe/work/env/maven/repository/org/springframework/boot/spring-boot/2.2.5.RELEASE/spring-boot-2.2.5.RELEASE.jar:/Users/d4rt4gn4n/Documents/projet_7_openclassroom/library-webapp/~/Documents/Openclassroom/openclassroom/Projet/Annexe/work/env/maven/repository/org/springframework/boot/spring-boot-autoconfigure/2.2.5.RELEASE/spring-boot-autoconfigure-2.2.5.RELEASE.jar:/Users/d4rt4gn4n/Documents/projet_7_openclassroom/library-webapp/~/Documents/Openclassroom/openclassroom/Projet/Annexe/work/env/maven/repository/org/springframework/boot/spring-boot-starter-logging/2.2.5.RELEASE/spring-boot-starter-logging-2.2.5.RELEASE.jar:/Users/d4rt4gn4n/Documents/projet_7_openclassroom/library-webapp/~/Documents/Openclassroom/openclassroom/Projet/Annexe/work/env/maven/repository/ch/qos/logback/logback-classic/1.2.3/logback-classic-1.2.3.jar:/Users/d4rt4gn4n/Documents/projet_7_openclassroom/library-webapp/~/Documents/Openclassroom/openclassroom/Projet/Annexe/work/env/maven/repository/ch/qos/logback/logback-core/1.2.3/logback-core-1.2.3.jar:/Users/d4rt4gn4n/Documents/projet_7_openclassroom/library-webapp/~/Documents/Openclassroom/openclassroom/Projet/Annexe/work/env/maven/repository/org/apache/logging/log4j/log4j-to-slf4j/2.12.1/log4j-to-slf4j-2.12.1.jar:/Users/d4rt4gn4n/Documents/projet_7_openclassroom/library-webapp/~/Documents/Openclassroom/openclassroom/Projet/Annexe/work/env/maven/repository/org/apache/logging/log4j/log4j-api/2.12.1/log4j-api-2.12.1.jar:/Users/d4rt4gn4n/Documents/projet_7_openclassroom/library-webapp/~/Documents/Openclassroom/openclassroom/Projet/Annexe/work/env/maven/repository/org/slf4j/jul-to-slf4j/1.7.30/jul-to-slf4j-1.7.30.jar:/Users/d4rt4gn4n/Documents/projet_7_openclassroom/library-webapp/~/Documents/Openclassroom/openclassroom/Projet/Annexe/work/env/maven/repository/org/yaml/snakeyaml/1.25/snakeyaml-1.25.jar:/Users/d4rt4gn4n/Documents/projet_7_openclassroom/library-webapp/~/Documents/Openclassroom/openclassroom/Projet/Annexe/work/env/maven/repository/org/springframework/boot/spring-boot-starter-json/2.2.5.RELEASE/spring-boot-starter-json-2.2.5.RELEASE.jar:/Users/d4rt4gn4n/Documents/projet_7_openclassroom/library-webapp/~/Documents/Openclassroom/openclassroom/Projet/Annexe/work/env/maven/repository/com/fasterxml/jackson/core/jackson-databind/2.10.2/jackson-databind-2.10.2.jar:/Users/d4rt4gn4n/Documents/projet_7_openclassroom/library-webapp/~/Documents/Openclassroom/openclassroom/Projet/Annexe/work/env/maven/repository/com/fasterxml/jackson/core/jackson-annotations/2.10.2/jackson-annotations-2.10.2.jar:/Users/d4rt4gn4n/Documents/projet_7_openclassroom/library-webapp/~/Documents/Openclassroom/openclassroom/Projet/Annexe/work/env/maven/repository/com/fasterxml/jackson/core/jackson-core/2.10.2/jackson-core-2.10.2.jar:/Users/d4rt4gn4n/Documents/projet_7_openclassroom/library-webapp/~/Documents/Openclassroom/openclassroom/Projet/Annexe/work/env/maven/repository/com/fasterxml/jackson/datatype/jackson-datatype-jdk8/2.10.2/jackson-datatype-jdk8-2.10.2.jar:/Users/d4rt4gn4n/Documents/projet_7_openclassroom/library-webapp/~/Documents/Openclassroom/openclassroom/Projet/Annexe/work/env/maven/repository/com/fasterxml/jackson/datatype/jackson-datatype-jsr310/2.10.2/jackson-datatype-jsr310-2.10.2.jar:/Users/d4rt4gn4n/Documents/projet_7_openclassroom/library-webapp/~/Documents/Openclassroom/openclassroom/Projet/Annexe/work/env/maven/repository/com/fasterxml/jackson/module/jackson-module-parameter-names/2.10.2/jackson-module-parameter-names-2.10.2.jar:/Users/d4rt4gn4n/Documents/projet_7_openclassroom/library-webapp/~/Documents/Openclassroom/openclassroom/Projet/Annexe/work/env/maven/repository/org/springframework/boot/spring-boot-starter-validation/2.2.5.RELEASE/spring-boot-starter-validation-2.2.5.RELEASE.jar:/Users/d4rt4gn4n/Documents/projet_7_openclassroom/library-webapp/~/Documents/Openclassroom/openclassroom/Projet/Annexe/work/env/maven/repository/jakarta/validation/jakarta.validation-api/2.0.2/jakarta.validation-api-2.0.2.jar:/Users/d4rt4gn4n/Documents/projet_7_openclassroom/library-webapp/~/Documents/Openclassroom/openclassroom/Projet/Annexe/work/env/maven/repository/org/hibernate/validator/hibernate-validator/6.0.18.Final/hibernate-validator-6.0.18.Final.jar:/Users/d4rt4gn4n/Documents/projet_7_openclassroom/library-webapp/~/Documents/Openclassroom/openclassroom/Projet/Annexe/work/env/maven/repository/org/jboss/logging/jboss-logging/3.4.1.Final/jboss-logging-3.4.1.Final.jar:/Users/d4rt4gn4n/Documents/projet_7_openclassroom/library-webapp/~/Documents/Openclassroom/openclassroom/Projet/Annexe/work/env/maven/repository/com/fasterxml/classmate/1.5.1/classmate-1.5.1.jar:/Users/d4rt4gn4n/Documents/projet_7_openclassroom/library-webapp/~/Documents/Openclassroom/openclassroom/Projet/Annexe/work/env/maven/repository/org/springframework/spring-web/5.2.4.RELEASE/spring-web-5.2.4.RELEASE.jar:/Users/d4rt4gn4n/Documents/projet_7_openclassroom/library-webapp/~/Documents/Openclassroom/openclassroom/Projet/Annexe/work/env/maven/repository/org/springframework/spring-beans/5.2.4.RELEASE/spring-beans-5.2.4.RELEASE.jar:/Users/d4rt4gn4n/Documents/projet_7_openclassroom/library-webapp/~/Documents/Openclassroom/openclassroom/Projet/Annexe/work/env/maven/repository/org/springframework/spring-webmvc/5.2.4.RELEASE/spring-webmvc-5.2.4.RELEASE.jar:/Users/d4rt4gn4n/Documents/projet_7_openclassroom/library-webapp/~/Documents/Openclassroom/openclassroom/Projet/Annexe/work/env/maven/repository/org/springframework/spring-context/5.2.4.RELEASE/spring-context-5.2.4.RELEASE.jar:/Users/d4rt4gn4n/Documents/projet_7_openclassroom/library-webapp/~/Documents/Openclassroom/openclassroom/Projet/Annexe/work/env/maven/repository/org/springframework/spring-expression/5.2.4.RELEASE/spring-expression-5.2.4.RELEASE.jar:/Users/d4rt4gn4n/Documents/projet_7_openclassroom/library-webapp/~/Documents/Openclassroom/openclassroom/Projet/Annexe/work/env/maven/repository/org/springframework/boot/spring-boot-starter-tomcat/2.2.5.RELEASE/spring-boot-starter-tomcat-2.2.5.RELEASE.jar:/Users/d4rt4gn4n/Documents/projet_7_openclassroom/library-webapp/~/Documents/Openclassroom/openclassroom/Projet/Annexe/work/env/maven/repository/jakarta/annotation/jakarta.annotation-api/1.3.5/jakarta.annotation-api-1.3.5.jar:/Users/d4rt4gn4n/Documents/projet_7_openclassroom/library-webapp/~/Documents/Openclassroom/openclassroom/Projet/Annexe/work/env/maven/repository/org/apache/tomcat/embed/tomcat-embed-core/9.0.31/tomcat-embed-core-9.0.31.jar:/Users/d4rt4gn4n/Documents/projet_7_openclassroom/library-webapp/~/Documents/Openclassroom/openclassroom/Projet/Annexe/work/env/maven/repository/org/apache/tomcat/embed/tomcat-embed-el/9.0.31/tomcat-embed-el-9.0.31.jar:/Users/d4rt4gn4n/Documents/projet_7_openclassroom/library-webapp/~/Documents/Openclassroom/openclassroom/Projet/Annexe/work/env/maven/repository/org/apache/tomcat/embed/tomcat-embed-websocket/9.0.31/tomcat-embed-websocket-9.0.31.jar:/Users/d4rt4gn4n/Documents/projet_7_openclassroom/library-webapp/~/Documents/Openclassroom/openclassroom/Projet/Annexe/work/env/maven/repository/org/springframework/boot/spring-boot-starter-thymeleaf/2.2.5.RELEASE/spring-boot-starter-thymeleaf-2.2.5.RELEASE.jar:/Users/d4rt4gn4n/Documents/projet_7_openclassroom/library-webapp/~/Documents/Openclassroom/openclassroom/Projet/Annexe/work/env/maven/repository/org/thymeleaf/thymeleaf-spring5/3.0.11.RELEASE/thymeleaf-spring5-3.0.11.RELEASE.jar:/Users/d4rt4gn4n/Documents/projet_7_openclassroom/library-webapp/~/Documents/Openclassroom/openclassroom/Projet/Annexe/work/env/maven/repository/org/thymeleaf/thymeleaf/3.0.11.RELEASE/thymeleaf-3.0.11.RELEASE.jar:/Users/d4rt4gn4n/Documents/projet_7_openclassroom/library-webapp/~/Documents/Openclassroom/openclassroom/Projet/Annexe/work/env/maven/repository/org/attoparser/attoparser/2.0.5.RELEASE/attoparser-2.0.5.RELEASE.jar:/Users/d4rt4gn4n/Documents/projet_7_openclassroom/library-webapp/~/Documents/Openclassroom/openclassroom/Projet/Annexe/work/env/maven/repository/org/unbescape/unbescape/1.1.6.RELEASE/unbescape-1.1.6.RELEASE.jar:/Users/d4rt4gn4n/Documents/projet_7_openclassroom/library-webapp/~/Documents/Openclassroom/openclassroom/Projet/Annexe/work/env/maven/repository/org/slf4j/slf4j-api/1.7.30/slf4j-api-1.7.30.jar:/Users/d4rt4gn4n/Documents/projet_7_openclassroom/library-webapp/~/Documents/Openclassroom/openclassroom/Projet/Annexe/work/env/maven/repository/org/thymeleaf/extras/thymeleaf-extras-java8time/3.0.4.RELEASE/thymeleaf-extras-java8time-3.0.4.RELEASE.jar:/Users/d4rt4gn4n/Documents/projet_7_openclassroom/library-webapp/~/Documents/Openclassroom/openclassroom/Projet/Annexe/work/env/maven/repository/org/springframework/boot/spring-boot-starter-test/2.2.5.RELEASE/spring-boot-starter-test-2.2.5.RELEASE.jar:/Users/d4rt4gn4n/Documents/projet_7_openclassroom/library-webapp/~/Documents/Openclassroom/openclassroom/Projet/Annexe/work/env/maven/repository/org/springframework/boot/spring-boot-test/2.2.5.RELEASE/spring-boot-test-2.2.5.RELEASE.jar:/Users/d4rt4gn4n/Documents/projet_7_openclassroom/library-webapp/~/Documents/Openclassroom/openclassroom/Projet/Annexe/work/env/maven/repository/org/springframework/boot/spring-boot-test-autoconfigure/2.2.5.RELEASE/spring-boot-test-autoconfigure-2.2.5.RELEASE.jar:/Users/d4rt4gn4n/Documents/projet_7_openclassroom/library-webapp/~/Documents/Openclassroom/openclassroom/Projet/Annexe/work/env/maven/repository/com/jayway/jsonpath/json-path/2.4.0/json-path-2.4.0.jar:/Users/d4rt4gn4n/Documents/projet_7_openclassroom/library-webapp/~/Documents/Openclassroom/openclassroom/Projet/Annexe/work/env/maven/repository/net/minidev/json-smart/2.3/json-smart-2.3.jar:/Users/d4rt4gn4n/Documents/projet_7_openclassroom/library-webapp/~/Documents/Openclassroom/openclassroom/Projet/Annexe/work/env/maven/repository/net/minidev/accessors-smart/1.2/accessors-smart-1.2.jar:/Users/d4rt4gn4n/Documents/projet_7_openclassroom/library-webapp/~/Documents/Openclassroom/openclassroom/Projet/Annexe/work/env/maven/repository/org/ow2/asm/asm/5.0.4/asm-5.0.4.jar:/Users/d4rt4gn4n/Documents/projet_7_openclassroom/library-webapp/~/Documents/Openclassroom/openclassroom/Projet/Annexe/work/env/maven/repository/jakarta/xml/bind/jakarta.xml.bind-api/2.3.2/jakarta.xml.bind-api-2.3.2.jar:/Users/d4rt4gn4n/Documents/projet_7_openclassroom/library-webapp/~/Documents/Openclassroom/openclassroom/Projet/Annexe/work/env/maven/repository/jakarta/activation/jakarta.activation-api/1.2.2/jakarta.activation-api-1.2.2.jar:/Users/d4rt4gn4n/Documents/projet_7_openclassroom/library-webapp/~/Documents/Openclassroom/openclassroom/Projet/Annexe/work/env/maven/repository/org/junit/jupiter/junit-jupiter/5.5.2/junit-jupiter-5.5.2.jar:/Users/d4rt4gn4n/Documents/projet_7_openclassroom/library-webapp/~/Documents/Openclassroom/openclassroom/Projet/Annexe/work/env/maven/repository/org/junit/jupiter/junit-jupiter-api/5.5.2/junit-jupiter-api-5.5.2.jar:/Users/d4rt4gn4n/Documents/projet_7_openclassroom/library-webapp/~/Documents/Openclassroom/openclassroom/Projet/Annexe/work/env/maven/repository/org/apiguardian/apiguardian-api/1.1.0/apiguardian-api-1.1.0.jar:/Users/d4rt4gn4n/Documents/projet_7_openclassroom/library-webapp/~/Documents/Openclassroom/openclassroom/Projet/Annexe/work/env/maven/repository/org/opentest4j/opentest4j/1.2.0/opentest4j-1.2.0.jar:/Users/d4rt4gn4n/Documents/projet_7_openclassroom/library-webapp/~/Documents/Openclassroom/openclassroom/Projet/Annexe/work/env/maven/repository/org/junit/platform/junit-platform-commons/1.5.2/junit-platform-commons-1.5.2.jar:/Users/d4rt4gn4n/Documents/projet_7_openclassroom/library-webapp/~/Documents/Openclassroom/openclassroom/Projet/Annexe/work/env/maven/repository/org/junit/jupiter/junit-jupiter-params/5.5.2/junit-jupiter-params-5.5.2.jar:/Users/d4rt4gn4n/Documents/projet_7_openclassroom/library-webapp/~/Documents/Openclassroom/openclassroom/Projet/Annexe/work/env/maven/repository/org/junit/jupiter/junit-jupiter-engine/5.5.2/junit-jupiter-engine-5.5.2.jar:/Users/d4rt4gn4n/Documents/projet_7_openclassroom/library-webapp/~/Documents/Openclassroom/openclassroom/Projet/Annexe/work/env/maven/repository/org/junit/platform/junit-platform-engine/1.5.2/junit-platform-engine-1.5.2.jar:/Users/d4rt4gn4n/Documents/projet_7_openclassroom/library-webapp/~/Documents/Openclassroom/openclassroom/Projet/Annexe/work/env/maven/repository/org/mockito/mockito-junit-jupiter/3.1.0/mockito-junit-jupiter-3.1.0.jar:/Users/d4rt4gn4n/Documents/projet_7_openclassroom/library-webapp/~/Documents/Openclassroom/openclassroom/Projet/Annexe/work/env/maven/repository/org/assertj/assertj-core/3.13.2/assertj-core-3.13.2.jar:/Users/d4rt4gn4n/Documents/projet_7_openclassroom/library-webapp/~/Documents/Openclassroom/openclassroom/Projet/Annexe/work/env/maven/repository/org/hamcrest/hamcrest/2.1/hamcrest-2.1.jar:/Users/d4rt4gn4n/Documents/projet_7_openclassroom/library-webapp/~/Documents/Openclassroom/openclassroom/Projet/Annexe/work/env/maven/repository/org/mockito/mockito-core/3.1.0/mockito-core-3.1.0.jar:/Users/d4rt4gn4n/Documents/projet_7_openclassroom/library-webapp/~/Documents/Openclassroom/openclassroom/Projet/Annexe/work/env/maven/repository/net/bytebuddy/byte-buddy/1.10.8/byte-buddy-1.10.8.jar:/Users/d4rt4gn4n/Documents/projet_7_openclassroom/library-webapp/~/Documents/Openclassroom/openclassroom/Projet/Annexe/work/env/maven/repository/net/bytebuddy/byte-buddy-agent/1.10.8/byte-buddy-agent-1.10.8.jar:/Users/d4rt4gn4n/Documents/projet_7_openclassroom/library-webapp/~/Documents/Openclassroom/openclassroom/Projet/Annexe/work/env/maven/repository/org/objenesis/objenesis/2.6/objenesis-2.6.jar:/Users/d4rt4gn4n/Documents/projet_7_openclassroom/library-webapp/~/Documents/Openclassroom/openclassroom/Projet/Annexe/work/env/maven/repository/org/skyscreamer/jsonassert/1.5.0/jsonassert-1.5.0.jar:/Users/d4rt4gn4n/Documents/projet_7_openclassroom/library-webapp/~/Documents/Openclassroom/openclassroom/Projet/Annexe/work/env/maven/repository/com/vaadin/external/google/android-json/0.0.20131108.vaadin1/android-json-0.0.20131108.vaadin1.jar:/Users/d4rt4gn4n/Documents/projet_7_openclassroom/library-webapp/~/Documents/Openclassroom/openclassroom/Projet/Annexe/work/env/maven/repository/org/springframework/spring-core/5.2.4.RELEASE/spring-core-5.2.4.RELEASE.jar:/Users/d4rt4gn4n/Documents/projet_7_openclassroom/library-webapp/~/Documents/Openclassroom/openclassroom/Projet/Annexe/work/env/maven/repository/org/springframework/spring-jcl/5.2.4.RELEASE/spring-jcl-5.2.4.RELEASE.jar:/Users/d4rt4gn4n/Documents/projet_7_openclassroom/library-webapp/~/Documents/Openclassroom/openclassroom/Projet/Annexe/work/env/maven/repository/org/springframework/spring-test/5.2.4.RELEASE/spring-test-5.2.4.RELEASE.jar:/Users/d4rt4gn4n/Documents/projet_7_openclassroom/library-webapp/~/Documents/Openclassroom/openclassroom/Projet/Annexe/work/env/maven/repository/org/xmlunit/xmlunit-core/2.6.3/xmlunit-core-2.6.3.jar:/Users/d4rt4gn4n/Documents/projet_7_openclassroom/library-webapp/~/Documents/Openclassroom/openclassroom/Projet/Annexe/work/env/maven/repository/org/springframework/boot/spring-boot-starter-security/2.2.5.RELEASE/spring-boot-starter-security-2.2.5.RELEASE.jar:/Users/d4rt4gn4n/Documents/projet_7_openclassroom/library-webapp/~/Documents/Openclassroom/openclassroom/Projet/Annexe/work/env/maven/repository/org/springframework/spring-aop/5.2.4.RELEASE/spring-aop-5.2.4.RELEASE.jar:/Users/d4rt4gn4n/Documents/projet_7_openclassroom/library-webapp/~/Documents/Openclassroom/openclassroom/Projet/Annexe/work/env/maven/repository/org/springframework/security/spring-security-config/5.2.2.RELEASE/spring-security-config-5.2.2.RELEASE.jar:/Users/d4rt4gn4n/Documents/projet_7_openclassroom/library-webapp/~/Documents/Openclassroom/openclassroom/Projet/Annexe/work/env/maven/repository/org/springframework/security/spring-security-web/5.2.2.RELEASE/spring-security-web-5.2.2.RELEASE.jar:/Users/d4rt4gn4n/Documents/projet_7_openclassroom/library-webapp/~/Documents/Openclassroom/openclassroom/Projet/Annexe/work/env/maven/repository/org/springframework/security/spring-security-test/5.2.2.RELEASE/spring-security-test-5.2.2.RELEASE.jar:/Users/d4rt4gn4n/Documents/projet_7_openclassroom/library-webapp/~/Documents/Openclassroom/openclassroom/Projet/Annexe/work/env/maven/repository/org/springframework/security/spring-security-core/5.2.2.RELEASE/spring-security-core-5.2.2.RELEASE.jar:/Users/d4rt4gn4n/Documents/projet_7_openclassroom/library-webapp/~/Documents/Openclassroom/openclassroom/Projet/Annexe/work/env/maven/repository/javax/xml/bind/jaxb-api/2.3.1/jaxb-api-2.3.1.jar:/Users/d4rt4gn4n/Documents/projet_7_openclassroom/library-webapp/~/Documents/Openclassroom/openclassroom/Projet/Annexe/work/env/maven/repository/javax/xml/ws/jaxws-api/2.3.1/jaxws-api-2.3.1.jar:/Users/d4rt4gn4n/Documents/projet_7_openclassroom/library-webapp/~/Documents/Openclassroom/openclassroom/Projet/Annexe/work/env/maven/repository/javax/xml/soap/javax.xml.soap-api/1.4.0/javax.xml.soap-api-1.4.0.jar:/Users/d4rt4gn4n/Documents/projet_7_openclassroom/library-webapp/~/Documents/Openclassroom/openclassroom/Projet/Annexe/work/env/maven/repository/javax/annotation/javax.annotation-api/1.3.2/javax.annotation-api-1.3.2.jar:/Users/d4rt4gn4n/Documents/projet_7_openclassroom/library-webapp/~/Documents/Openclassroom/openclassroom/Projet/Annexe/work/env/maven/repository/javax/jws/javax.jws-api/1.1/javax.jws-api-1.1.jar:/Users/d4rt4gn4n/Documents/projet_7_openclassroom/library-webapp/~/Documents/Openclassroom/openclassroom/Projet/Annexe/work/env/maven/repository/org/glassfish/jaxb/jaxb-runtime/2.3.2/jaxb-runtime-2.3.2.jar:/Users/d4rt4gn4n/Documents/projet_7_openclassroom/library-webapp/~/Documents/Openclassroom/openclassroom/Projet/Annexe/work/env/maven/repository/org/glassfish/jaxb/txw2/2.3.2/txw2-2.3.2.jar:/Users/d4rt4gn4n/Documents/projet_7_openclassroom/library-webapp/~/Documents/Openclassroom/openclassroom/Projet/Annexe/work/env/maven/repository/com/sun/istack/istack-commons-runtime/3.0.8/istack-commons-runtime-3.0.8.jar:/Users/d4rt4gn4n/Documents/projet_7_openclassroom/library-webapp/~/Documents/Openclassroom/openclassroom/Projet/Annexe/work/env/maven/repository/com/sun/xml/ws/policy/2.7.5/policy-2.7.5.jar:/Users/d4rt4gn4n/Documents/projet_7_openclassroom/library-webapp/~/Documents/Openclassroom/openclassroom/Projet/Annexe/work/env/maven/repository/com/sun/activation/javax.activation/1.2.0/javax.activation-1.2.0.jar:/Users/d4rt4gn4n/Documents/projet_7_openclassroom/library-webapp/~/Documents/Openclassroom/openclassroom/Projet/Annexe/work/env/maven/repository/org/glassfish/gmbal/gmbal-api-only/3.1.0-b001/gmbal-api-only-3.1.0-b001.jar:/Users/d4rt4gn4n/Documents/projet_7_openclassroom/library-webapp/~/Documents/Openclassroom/openclassroom/Projet/Annexe/work/env/maven/repository/org/glassfish/external/management-api/3.0.0-b012/management-api-3.0.0-b012.jar:/Users/d4rt4gn4n/Documents/projet_7_openclassroom/library-webapp/~/Documents/Openclassroom/openclassroom/Projet/Annexe/work/env/maven/repository/org/jvnet/staxex/stax-ex/1.8/stax-ex-1.8.jar:/Users/d4rt4gn4n/Documents/projet_7_openclassroom/library-webapp/~/Documents/Openclassroom/openclassroom/Projet/Annexe/work/env/maven/repository/com/sun/xml/stream/buffer/streambuffer/1.5.6/streambuffer-1.5.6.jar:/Users/d4rt4gn4n/Documents/projet_7_openclassroom/library-webapp/~/Documents/Openclassroom/openclassroom/Projet/Annexe/work/env/maven/repository/org/jvnet/mimepull/mimepull/1.9.12/mimepull-1.9.12.jar:/Users/d4rt4gn4n/Documents/projet_7_openclassroom/library-webapp/~/Documents/Openclassroom/openclassroom/Projet/Annexe/work/env/maven/repository/com/sun/xml/fastinfoset/FastInfoset/1.2.15/FastInfoset-1.2.15.jar:/Users/d4rt4gn4n/Documents/projet_7_openclassroom/library-webapp/~/Documents/Openclassroom/openclassroom/Projet/Annexe/work/env/maven/repository/org/glassfish/ha/ha-api/3.1.9/ha-api-3.1.9.jar:/Users/d4rt4gn4n/Documents/projet_7_openclassroom/library-webapp/~/Documents/Openclassroom/openclassroom/Projet/Annexe/work/env/maven/repository/com/sun/xml/messaging/saaj/saaj-impl/1.5.1/saaj-impl-1.5.1.jar:/Users/d4rt4gn4n/Documents/projet_7_openclassroom/library-webapp/~/Documents/Openclassroom/openclassroom/Projet/Annexe/work/env/maven/repository/jakarta/xml/soap/jakarta.xml.soap-api/1.4.1/jakarta.xml.soap-api-1.4.1.jar:/Users/d4rt4gn4n/Documents/projet_7_openclassroom/library-webapp/~/Documents/Openclassroom/openclassroom/Projet/Annexe/work/env/maven/repository/com/fasterxml/woodstox/woodstox-core/5.1.0/woodstox-core-5.1.0.jar:/Users/d4rt4gn4n/Documents/projet_7_openclassroom/library-webapp/~/Documents/Openclassroom/openclassroom/Projet/Annexe/work/env/maven/repository/org/codehaus/woodstox/stax2-api/4.1/stax2-api-4.1.jar:/Users/d4rt4gn4n/Documents/projet_7_openclassroom/library-webapp/~/Documents/Openclassroom/openclassroom/Projet/Annexe/work/env/maven/repository/javax/activation/javax.activation-api/1.2.0/javax.activation-api-1.2.0.jar:/Users/d4rt4gn4n/Documents/projet_7_openclassroom/library-webapp/~/Documents/Openclassroom/openclassroom/Projet/Annexe/work/env/maven/repository/com/sun/org/apache/xml/internal/resolver/20050927/resolver-20050927.jar:/Users/d4rt4gn4n/Documents/projet_7_openclassroom/library-webapp/~/Documents/Openclassroom/openclassroom/Projet/Annexe/work/env/maven/repository/com/sun/xml/ws/jaxws-rt/2.3.0/jaxws-rt-2.3.0.jar:/Users/d4rt4gn4n/Documents/projet_7_openclassroom/library-webapp/~/Documents/Openclassroom/openclassroom/Projet/Annexe/work/env/maven/repository/com/sun/xml/bind/jaxb-core/2.3.0/jaxb-core-2.3.0.jar:/Users/d4rt4gn4n/Documents/projet_7_openclassroom/library-webapp/~/Documents/Openclassroom/openclassroom/Projet/Annexe/work/env/maven/repository/com/sun/xml/bind/jaxb-impl/2.3.0/jaxb-impl-2.3.0.jar:/Users/d4rt4gn4n/Documents/projet_7_openclassroom/library-webapp/~/Documents/Openclassroom/openclassroom/Projet/Annexe/work/env/maven/repository/org/codehaus/woodstox/woodstox-core-asl/4.4.1/woodstox-core-asl-4.4.1.jar:/Users/d4rt4gn4n/Documents/projet_7_openclassroom/library-webapp/~/Documents/Openclassroom/openclassroom/Projet/Annexe/work/env/maven/repository/com/sun/xml/ws/jaxws-tools/2.3.0/jaxws-tools-2.3.0.jar:/Users/d4rt4gn4n/Documents/projet_7_openclassroom/library-webapp/~/Documents/Openclassroom/openclassroom/Projet/Annexe/work/env/maven/repository/com/sun/xml/bind/jaxb-xjc/2.3.0/jaxb-xjc-2.3.0.jar:/Users/d4rt4gn4n/Documents/projet_7_openclassroom/library-webapp/~/Documents/Openclassroom/openclassroom/Projet/Annexe/work/env/maven/repository/com/sun/xml/bind/jaxb-jxc/2.3.0/jaxb-jxc-2.3.0.jar:/Users/d4rt4gn4n/Documents/projet_7_openclassroom/library-webapp/~/Documents/Openclassroom/openclassroom/Projet/Annexe/work/env/maven/repository/com/sun/xml/ws/jaxws-eclipselink-plugin/2.3.0/jaxws-eclipselink-plugin-2.3.0.jar:/Users/d4rt4gn4n/Documents/projet_7_openclassroom/library-webapp/~/Documents/Openclassroom/openclassroom/Projet/Annexe/work/env/maven/repository/javax/mail/mail/1.4.7/mail-1.4.7.jar:/Users/d4rt4gn4n/Documents/projet_7_openclassroom/library-webapp/~/Documents/Openclassroom/openclassroom/Projet/Annexe/work/env/maven/repository/org/eclipse/persistence/eclipselink/2.6.4/eclipselink-2.6.4.jar:/Users/d4rt4gn4n/Documents/projet_7_openclassroom/library-webapp/~/Documents/Openclassroom/openclassroom/Projet/Annexe/work/env/maven/repository/org/eclipse/persistence/javax.persistence/2.1.1/javax.persistence-2.1.1.jar:/Users/d4rt4gn4n/Documents/projet_7_openclassroom/library-webapp/~/Documents/Openclassroom/openclassroom/Projet/Annexe/work/env/maven/repository/org/eclipse/persistence/commonj.sdo/2.1.1/commonj.sdo-2.1.1.jar:/Users/d4rt4gn4n/Documents/projet_7_openclassroom/library-webapp/~/Documents/Openclassroom/openclassroom/Projet/Annexe/work/env/maven/repository/javax/validation/validation-api/2.0.1.Final/validation-api-2.0.1.Final.jar:/Users/d4rt4gn4n/Documents/projet_7_openclassroom/library-webapp/~/Documents/Openclassroom/openclassroom/Projet/Annexe/work/env/maven/repository/org/glassfish/javax.json/1.0.4/javax.json-1.0.4.jar:/Users/d4rt4gn4n/Documents/projet_7_openclassroom/library-webapp/~/Documents/Openclassroom/openclassroom/Projet/Annexe/work/env/maven/repository/com/sun/xml/ws/sdo-eclipselink-plugin/2.3.0/sdo-eclipselink-plugin-2.3.0.jar:/Users/d4rt4gn4n/Documents/projet_7_openclassroom/library-webapp/~/Documents/Openclassroom/openclassroom/Projet/Annexe/work/env/maven/repository/commonj/sdo/commonj.sdo/2.1.1.v201112051852/commonj.sdo-2.1.1.v201112051852.jar:/Users/d4rt4gn4n/Documents/projet_7_openclassroom/library-webapp/~/Documents/Openclassroom/openclassroom/Projet/Annexe/work/env/maven/repository/javax/jws/jsr181-api/1.0-MR1/jsr181-api-1.0-MR1.jar:"/>
    <property name="java.vm.vendor" value="Oracle Corporation"/>
    <property name="sun.arch.data.model" value="64"/>
    <property name="java.vendor.url" value="http://java.oracle.com/"/>
    <property name="user.timezone" value=""/>
    <property name="java.vm.specification.version" value="1.8"/>
    <property name="os.name" value="Mac OS X"/>
    <property name="user.country" value="FR"/>
    <property name="sun.java.launcher" value="SUN_STANDARD"/>
    <property name="sun.boot.library.path" value="/Library/Java/JavaVirtualMachines/jdk1.8.0_171.jdk/Contents/Home/jre/lib"/>
    <property name="sun.java.command" value="/Users/d4rt4gn4n/Documents/projet_7_openclassroom/library-webapp/target/surefire/surefirebooter5697030224303362578.jar /Users/d4rt4gn4n/Documents/projet_7_openclassroom/library-webapp/target/surefire 2020-05-01T02-02-50_224-jvmRun1 surefire2258597949340507657tmp surefire_03085015739961748207tmp"/>
    <property name="http.nonProxyHosts" value="local|*.local|169.254/16|*.169.254/16"/>
    <property name="surefire.test.class.path" value="/Users/d4rt4gn4n/Documents/projet_7_openclassroom/library-webapp/target/test-classes:/Users/d4rt4gn4n/Documents/projet_7_openclassroom/library-webapp/target/classes:/Users/d4rt4gn4n/Documents/projet_7_openclassroom/library-webapp/~/Documents/Openclassroom/openclassroom/Projet/Annexe/work/env/maven/repository/org/springframework/boot/spring-boot-starter-web/2.2.5.RELEASE/spring-boot-starter-web-2.2.5.RELEASE.jar:/Users/d4rt4gn4n/Documents/projet_7_openclassroom/library-webapp/~/Documents/Openclassroom/openclassroom/Projet/Annexe/work/env/maven/repository/org/springframework/boot/spring-boot-starter/2.2.5.RELEASE/spring-boot-starter-2.2.5.RELEASE.jar:/Users/d4rt4gn4n/Documents/projet_7_openclassroom/library-webapp/~/Documents/Openclassroom/openclassroom/Projet/Annexe/work/env/maven/repository/org/springframework/boot/spring-boot/2.2.5.RELEASE/spring-boot-2.2.5.RELEASE.jar:/Users/d4rt4gn4n/Documents/projet_7_openclassroom/library-webapp/~/Documents/Openclassroom/openclassroom/Projet/Annexe/work/env/maven/repository/org/springframework/boot/spring-boot-autoconfigure/2.2.5.RELEASE/spring-boot-autoconfigure-2.2.5.RELEASE.jar:/Users/d4rt4gn4n/Documents/projet_7_openclassroom/library-webapp/~/Documents/Openclassroom/openclassroom/Projet/Annexe/work/env/maven/repository/org/springframework/boot/spring-boot-starter-logging/2.2.5.RELEASE/spring-boot-starter-logging-2.2.5.RELEASE.jar:/Users/d4rt4gn4n/Documents/projet_7_openclassroom/library-webapp/~/Documents/Openclassroom/openclassroom/Projet/Annexe/work/env/maven/repository/ch/qos/logback/logback-classic/1.2.3/logback-classic-1.2.3.jar:/Users/d4rt4gn4n/Documents/projet_7_openclassroom/library-webapp/~/Documents/Openclassroom/openclassroom/Projet/Annexe/work/env/maven/repository/ch/qos/logback/logback-core/1.2.3/logback-core-1.2.3.jar:/Users/d4rt4gn4n/Documents/projet_7_openclassroom/library-webapp/~/Documents/Openclassroom/openclassroom/Projet/Annexe/work/env/maven/repository/org/apache/logging/log4j/log4j-to-slf4j/2.12.1/log4j-to-slf4j-2.12.1.jar:/Users/d4rt4gn4n/Documents/projet_7_openclassroom/library-webapp/~/Documents/Openclassroom/openclassroom/Projet/Annexe/work/env/maven/repository/org/apache/logging/log4j/log4j-api/2.12.1/log4j-api-2.12.1.jar:/Users/d4rt4gn4n/Documents/projet_7_openclassroom/library-webapp/~/Documents/Openclassroom/openclassroom/Projet/Annexe/work/env/maven/repository/org/slf4j/jul-to-slf4j/1.7.30/jul-to-slf4j-1.7.30.jar:/Users/d4rt4gn4n/Documents/projet_7_openclassroom/library-webapp/~/Documents/Openclassroom/openclassroom/Projet/Annexe/work/env/maven/repository/org/yaml/snakeyaml/1.25/snakeyaml-1.25.jar:/Users/d4rt4gn4n/Documents/projet_7_openclassroom/library-webapp/~/Documents/Openclassroom/openclassroom/Projet/Annexe/work/env/maven/repository/org/springframework/boot/spring-boot-starter-json/2.2.5.RELEASE/spring-boot-starter-json-2.2.5.RELEASE.jar:/Users/d4rt4gn4n/Documents/projet_7_openclassroom/library-webapp/~/Documents/Openclassroom/openclassroom/Projet/Annexe/work/env/maven/repository/com/fasterxml/jackson/core/jackson-databind/2.10.2/jackson-databind-2.10.2.jar:/Users/d4rt4gn4n/Documents/projet_7_openclassroom/library-webapp/~/Documents/Openclassroom/openclassroom/Projet/Annexe/work/env/maven/repository/com/fasterxml/jackson/core/jackson-annotations/2.10.2/jackson-annotations-2.10.2.jar:/Users/d4rt4gn4n/Documents/projet_7_openclassroom/library-webapp/~/Documents/Openclassroom/openclassroom/Projet/Annexe/work/env/maven/repository/com/fasterxml/jackson/core/jackson-core/2.10.2/jackson-core-2.10.2.jar:/Users/d4rt4gn4n/Documents/projet_7_openclassroom/library-webapp/~/Documents/Openclassroom/openclassroom/Projet/Annexe/work/env/maven/repository/com/fasterxml/jackson/datatype/jackson-datatype-jdk8/2.10.2/jackson-datatype-jdk8-2.10.2.jar:/Users/d4rt4gn4n/Documents/projet_7_openclassroom/library-webapp/~/Documents/Openclassroom/openclassroom/Projet/Annexe/work/env/maven/repository/com/fasterxml/jackson/datatype/jackson-datatype-jsr310/2.10.2/jackson-datatype-jsr310-2.10.2.jar:/Users/d4rt4gn4n/Documents/projet_7_openclassroom/library-webapp/~/Documents/Openclassroom/openclassroom/Projet/Annexe/work/env/maven/repository/com/fasterxml/jackson/module/jackson-module-parameter-names/2.10.2/jackson-module-parameter-names-2.10.2.jar:/Users/d4rt4gn4n/Documents/projet_7_openclassroom/library-webapp/~/Documents/Openclassroom/openclassroom/Projet/Annexe/work/env/maven/repository/org/springframework/boot/spring-boot-starter-validation/2.2.5.RELEASE/spring-boot-starter-validation-2.2.5.RELEASE.jar:/Users/d4rt4gn4n/Documents/projet_7_openclassroom/library-webapp/~/Documents/Openclassroom/openclassroom/Projet/Annexe/work/env/maven/repository/jakarta/validation/jakarta.validation-api/2.0.2/jakarta.validation-api-2.0.2.jar:/Users/d4rt4gn4n/Documents/projet_7_openclassroom/library-webapp/~/Documents/Openclassroom/openclassroom/Projet/Annexe/work/env/maven/repository/org/hibernate/validator/hibernate-validator/6.0.18.Final/hibernate-validator-6.0.18.Final.jar:/Users/d4rt4gn4n/Documents/projet_7_openclassroom/library-webapp/~/Documents/Openclassroom/openclassroom/Projet/Annexe/work/env/maven/repository/org/jboss/logging/jboss-logging/3.4.1.Final/jboss-logging-3.4.1.Final.jar:/Users/d4rt4gn4n/Documents/projet_7_openclassroom/library-webapp/~/Documents/Openclassroom/openclassroom/Projet/Annexe/work/env/maven/repository/com/fasterxml/classmate/1.5.1/classmate-1.5.1.jar:/Users/d4rt4gn4n/Documents/projet_7_openclassroom/library-webapp/~/Documents/Openclassroom/openclassroom/Projet/Annexe/work/env/maven/repository/org/springframework/spring-web/5.2.4.RELEASE/spring-web-5.2.4.RELEASE.jar:/Users/d4rt4gn4n/Documents/projet_7_openclassroom/library-webapp/~/Documents/Openclassroom/openclassroom/Projet/Annexe/work/env/maven/repository/org/springframework/spring-beans/5.2.4.RELEASE/spring-beans-5.2.4.RELEASE.jar:/Users/d4rt4gn4n/Documents/projet_7_openclassroom/library-webapp/~/Documents/Openclassroom/openclassroom/Projet/Annexe/work/env/maven/repository/org/springframework/spring-webmvc/5.2.4.RELEASE/spring-webmvc-5.2.4.RELEASE.jar:/Users/d4rt4gn4n/Documents/projet_7_openclassroom/library-webapp/~/Documents/Openclassroom/openclassroom/Projet/Annexe/work/env/maven/repository/org/springframework/spring-context/5.2.4.RELEASE/spring-context-5.2.4.RELEASE.jar:/Users/d4rt4gn4n/Documents/projet_7_openclassroom/library-webapp/~/Documents/Openclassroom/openclassroom/Projet/Annexe/work/env/maven/repository/org/springframework/spring-expression/5.2.4.RELEASE/spring-expression-5.2.4.RELEASE.jar:/Users/d4rt4gn4n/Documents/projet_7_openclassroom/library-webapp/~/Documents/Openclassroom/openclassroom/Projet/Annexe/work/env/maven/repository/org/springframework/boot/spring-boot-starter-tomcat/2.2.5.RELEASE/spring-boot-starter-tomcat-2.2.5.RELEASE.jar:/Users/d4rt4gn4n/Documents/projet_7_openclassroom/library-webapp/~/Documents/Openclassroom/openclassroom/Projet/Annexe/work/env/maven/repository/jakarta/annotation/jakarta.annotation-api/1.3.5/jakarta.annotation-api-1.3.5.jar:/Users/d4rt4gn4n/Documents/projet_7_openclassroom/library-webapp/~/Documents/Openclassroom/openclassroom/Projet/Annexe/work/env/maven/repository/org/apache/tomcat/embed/tomcat-embed-core/9.0.31/tomcat-embed-core-9.0.31.jar:/Users/d4rt4gn4n/Documents/projet_7_openclassroom/library-webapp/~/Documents/Openclassroom/openclassroom/Projet/Annexe/work/env/maven/repository/org/apache/tomcat/embed/tomcat-embed-el/9.0.31/tomcat-embed-el-9.0.31.jar:/Users/d4rt4gn4n/Documents/projet_7_openclassroom/library-webapp/~/Documents/Openclassroom/openclassroom/Projet/Annexe/work/env/maven/repository/org/apache/tomcat/embed/tomcat-embed-websocket/9.0.31/tomcat-embed-websocket-9.0.31.jar:/Users/d4rt4gn4n/Documents/projet_7_openclassroom/library-webapp/~/Documents/Openclassroom/openclassroom/Projet/Annexe/work/env/maven/repository/org/springframework/boot/spring-boot-starter-thymeleaf/2.2.5.RELEASE/spring-boot-starter-thymeleaf-2.2.5.RELEASE.jar:/Users/d4rt4gn4n/Documents/projet_7_openclassroom/library-webapp/~/Documents/Openclassroom/openclassroom/Projet/Annexe/work/env/maven/repository/org/thymeleaf/thymeleaf-spring5/3.0.11.RELEASE/thymeleaf-spring5-3.0.11.RELEASE.jar:/Users/d4rt4gn4n/Documents/projet_7_openclassroom/library-webapp/~/Documents/Openclassroom/openclassroom/Projet/Annexe/work/env/maven/repository/org/thymeleaf/thymeleaf/3.0.11.RELEASE/thymeleaf-3.0.11.RELEASE.jar:/Users/d4rt4gn4n/Documents/projet_7_openclassroom/library-webapp/~/Documents/Openclassroom/openclassroom/Projet/Annexe/work/env/maven/repository/org/attoparser/attoparser/2.0.5.RELEASE/attoparser-2.0.5.RELEASE.jar:/Users/d4rt4gn4n/Documents/projet_7_openclassroom/library-webapp/~/Documents/Openclassroom/openclassroom/Projet/Annexe/work/env/maven/repository/org/unbescape/unbescape/1.1.6.RELEASE/unbescape-1.1.6.RELEASE.jar:/Users/d4rt4gn4n/Documents/projet_7_openclassroom/library-webapp/~/Documents/Openclassroom/openclassroom/Projet/Annexe/work/env/maven/repository/org/slf4j/slf4j-api/1.7.30/slf4j-api-1.7.30.jar:/Users/d4rt4gn4n/Documents/projet_7_openclassroom/library-webapp/~/Documents/Openclassroom/openclassroom/Projet/Annexe/work/env/maven/repository/org/thymeleaf/extras/thymeleaf-extras-java8time/3.0.4.RELEASE/thymeleaf-extras-java8time-3.0.4.RELEASE.jar:/Users/d4rt4gn4n/Documents/projet_7_openclassroom/library-webapp/~/Documents/Openclassroom/openclassroom/Projet/Annexe/work/env/maven/repository/org/springframework/boot/spring-boot-starter-test/2.2.5.RELEASE/spring-boot-starter-test-2.2.5.RELEASE.jar:/Users/d4rt4gn4n/Documents/projet_7_openclassroom/library-webapp/~/Documents/Openclassroom/openclassroom/Projet/Annexe/work/env/maven/repository/org/springframework/boot/spring-boot-test/2.2.5.RELEASE/spring-boot-test-2.2.5.RELEASE.jar:/Users/d4rt4gn4n/Documents/projet_7_openclassroom/library-webapp/~/Documents/Openclassroom/openclassroom/Projet/Annexe/work/env/maven/repository/org/springframework/boot/spring-boot-test-autoconfigure/2.2.5.RELEASE/spring-boot-test-autoconfigure-2.2.5.RELEASE.jar:/Users/d4rt4gn4n/Documents/projet_7_openclassroom/library-webapp/~/Documents/Openclassroom/openclassroom/Projet/Annexe/work/env/maven/repository/com/jayway/jsonpath/json-path/2.4.0/json-path-2.4.0.jar:/Users/d4rt4gn4n/Documents/projet_7_openclassroom/library-webapp/~/Documents/Openclassroom/openclassroom/Projet/Annexe/work/env/maven/repository/net/minidev/json-smart/2.3/json-smart-2.3.jar:/Users/d4rt4gn4n/Documents/projet_7_openclassroom/library-webapp/~/Documents/Openclassroom/openclassroom/Projet/Annexe/work/env/maven/repository/net/minidev/accessors-smart/1.2/accessors-smart-1.2.jar:/Users/d4rt4gn4n/Documents/projet_7_openclassroom/library-webapp/~/Documents/Openclassroom/openclassroom/Projet/Annexe/work/env/maven/repository/org/ow2/asm/asm/5.0.4/asm-5.0.4.jar:/Users/d4rt4gn4n/Documents/projet_7_openclassroom/library-webapp/~/Documents/Openclassroom/openclassroom/Projet/Annexe/work/env/maven/repository/jakarta/xml/bind/jakarta.xml.bind-api/2.3.2/jakarta.xml.bind-api-2.3.2.jar:/Users/d4rt4gn4n/Documents/projet_7_openclassroom/library-webapp/~/Documents/Openclassroom/openclassroom/Projet/Annexe/work/env/maven/repository/jakarta/activation/jakarta.activation-api/1.2.2/jakarta.activation-api-1.2.2.jar:/Users/d4rt4gn4n/Documents/projet_7_openclassroom/library-webapp/~/Documents/Openclassroom/openclassroom/Projet/Annexe/work/env/maven/repository/org/junit/jupiter/junit-jupiter/5.5.2/junit-jupiter-5.5.2.jar:/Users/d4rt4gn4n/Documents/projet_7_openclassroom/library-webapp/~/Documents/Openclassroom/openclassroom/Projet/Annexe/work/env/maven/repository/org/junit/jupiter/junit-jupiter-api/5.5.2/junit-jupiter-api-5.5.2.jar:/Users/d4rt4gn4n/Documents/projet_7_openclassroom/library-webapp/~/Documents/Openclassroom/openclassroom/Projet/Annexe/work/env/maven/repository/org/apiguardian/apiguardian-api/1.1.0/apiguardian-api-1.1.0.jar:/Users/d4rt4gn4n/Documents/projet_7_openclassroom/library-webapp/~/Documents/Openclassroom/openclassroom/Projet/Annexe/work/env/maven/repository/org/opentest4j/opentest4j/1.2.0/opentest4j-1.2.0.jar:/Users/d4rt4gn4n/Documents/projet_7_openclassroom/library-webapp/~/Documents/Openclassroom/openclassroom/Projet/Annexe/work/env/maven/repository/org/junit/platform/junit-platform-commons/1.5.2/junit-platform-commons-1.5.2.jar:/Users/d4rt4gn4n/Documents/projet_7_openclassroom/library-webapp/~/Documents/Openclassroom/openclassroom/Projet/Annexe/work/env/maven/repository/org/junit/jupiter/junit-jupiter-params/5.5.2/junit-jupiter-params-5.5.2.jar:/Users/d4rt4gn4n/Documents/projet_7_openclassroom/library-webapp/~/Documents/Openclassroom/openclassroom/Projet/Annexe/work/env/maven/repository/org/junit/jupiter/junit-jupiter-engine/5.5.2/junit-jupiter-engine-5.5.2.jar:/Users/d4rt4gn4n/Documents/projet_7_openclassroom/library-webapp/~/Documents/Openclassroom/openclassroom/Projet/Annexe/work/env/maven/repository/org/junit/platform/junit-platform-engine/1.5.2/junit-platform-engine-1.5.2.jar:/Users/d4rt4gn4n/Documents/projet_7_openclassroom/library-webapp/~/Documents/Openclassroom/openclassroom/Projet/Annexe/work/env/maven/repository/org/mockito/mockito-junit-jupiter/3.1.0/mockito-junit-jupiter-3.1.0.jar:/Users/d4rt4gn4n/Documents/projet_7_openclassroom/library-webapp/~/Documents/Openclassroom/openclassroom/Projet/Annexe/work/env/maven/repository/org/assertj/assertj-core/3.13.2/assertj-core-3.13.2.jar:/Users/d4rt4gn4n/Documents/projet_7_openclassroom/library-webapp/~/Documents/Openclassroom/openclassroom/Projet/Annexe/work/env/maven/repository/org/hamcrest/hamcrest/2.1/hamcrest-2.1.jar:/Users/d4rt4gn4n/Documents/projet_7_openclassroom/library-webapp/~/Documents/Openclassroom/openclassroom/Projet/Annexe/work/env/maven/repository/org/mockito/mockito-core/3.1.0/mockito-core-3.1.0.jar:/Users/d4rt4gn4n/Documents/projet_7_openclassroom/library-webapp/~/Documents/Openclassroom/openclassroom/Projet/Annexe/work/env/maven/repository/net/bytebuddy/byte-buddy/1.10.8/byte-buddy-1.10.8.jar:/Users/d4rt4gn4n/Documents/projet_7_openclassroom/library-webapp/~/Documents/Openclassroom/openclassroom/Projet/Annexe/work/env/maven/repository/net/bytebuddy/byte-buddy-agent/1.10.8/byte-buddy-agent-1.10.8.jar:/Users/d4rt4gn4n/Documents/projet_7_openclassroom/library-webapp/~/Documents/Openclassroom/openclassroom/Projet/Annexe/work/env/maven/repository/org/objenesis/objenesis/2.6/objenesis-2.6.jar:/Users/d4rt4gn4n/Documents/projet_7_openclassroom/library-webapp/~/Documents/Openclassroom/openclassroom/Projet/Annexe/work/env/maven/repository/org/skyscreamer/jsonassert/1.5.0/jsonassert-1.5.0.jar:/Users/d4rt4gn4n/Documents/projet_7_openclassroom/library-webapp/~/Documents/Openclassroom/openclassroom/Projet/Annexe/work/env/maven/repository/com/vaadin/external/google/android-json/0.0.20131108.vaadin1/android-json-0.0.20131108.vaadin1.jar:/Users/d4rt4gn4n/Documents/projet_7_openclassroom/library-webapp/~/Documents/Openclassroom/openclassroom/Projet/Annexe/work/env/maven/repository/org/springframework/spring-core/5.2.4.RELEASE/spring-core-5.2.4.RELEASE.jar:/Users/d4rt4gn4n/Documents/projet_7_openclassroom/library-webapp/~/Documents/Openclassroom/openclassroom/Projet/Annexe/work/env/maven/repository/org/springframework/spring-jcl/5.2.4.RELEASE/spring-jcl-5.2.4.RELEASE.jar:/Users/d4rt4gn4n/Documents/projet_7_openclassroom/library-webapp/~/Documents/Openclassroom/openclassroom/Projet/Annexe/work/env/maven/repository/org/springframework/spring-test/5.2.4.RELEASE/spring-test-5.2.4.RELEASE.jar:/Users/d4rt4gn4n/Documents/projet_7_openclassroom/library-webapp/~/Documents/Openclassroom/openclassroom/Projet/Annexe/work/env/maven/repository/org/xmlunit/xmlunit-core/2.6.3/xmlunit-core-2.6.3.jar:/Users/d4rt4gn4n/Documents/projet_7_openclassroom/library-webapp/~/Documents/Openclassroom/openclassroom/Projet/Annexe/work/env/maven/repository/org/springframework/boot/spring-boot-starter-security/2.2.5.RELEASE/spring-boot-starter-security-2.2.5.RELEASE.jar:/Users/d4rt4gn4n/Documents/projet_7_openclassroom/library-webapp/~/Documents/Openclassroom/openclassroom/Projet/Annexe/work/env/maven/repository/org/springframework/spring-aop/5.2.4.RELEASE/spring-aop-5.2.4.RELEASE.jar:/Users/d4rt4gn4n/Documents/projet_7_openclassroom/library-webapp/~/Documents/Openclassroom/openclassroom/Projet/Annexe/work/env/maven/repository/org/springframework/security/spring-security-config/5.2.2.RELEASE/spring-security-config-5.2.2.RELEASE.jar:/Users/d4rt4gn4n/Documents/projet_7_openclassroom/library-webapp/~/Documents/Openclassroom/openclassroom/Projet/Annexe/work/env/maven/repository/org/springframework/security/spring-security-web/5.2.2.RELEASE/spring-security-web-5.2.2.RELEASE.jar:/Users/d4rt4gn4n/Documents/projet_7_openclassroom/library-webapp/~/Documents/Openclassroom/openclassroom/Projet/Annexe/work/env/maven/repository/org/springframework/security/spring-security-test/5.2.2.RELEASE/spring-security-test-5.2.2.RELEASE.jar:/Users/d4rt4gn4n/Documents/projet_7_openclassroom/library-webapp/~/Documents/Openclassroom/openclassroom/Projet/Annexe/work/env/maven/repository/org/springframework/security/spring-security-core/5.2.2.RELEASE/spring-security-core-5.2.2.RELEASE.jar:/Users/d4rt4gn4n/Documents/projet_7_openclassroom/library-webapp/~/Documents/Openclassroom/openclassroom/Projet/Annexe/work/env/maven/repository/javax/xml/bind/jaxb-api/2.3.1/jaxb-api-2.3.1.jar:/Users/d4rt4gn4n/Documents/projet_7_openclassroom/library-webapp/~/Documents/Openclassroom/openclassroom/Projet/Annexe/work/env/maven/repository/javax/xml/ws/jaxws-api/2.3.1/jaxws-api-2.3.1.jar:/Users/d4rt4gn4n/Documents/projet_7_openclassroom/library-webapp/~/Documents/Openclassroom/openclassroom/Projet/Annexe/work/env/maven/repository/javax/xml/soap/javax.xml.soap-api/1.4.0/javax.xml.soap-api-1.4.0.jar:/Users/d4rt4gn4n/Documents/projet_7_openclassroom/library-webapp/~/Documents/Openclassroom/openclassroom/Projet/Annexe/work/env/maven/repository/javax/annotation/javax.annotation-api/1.3.2/javax.annotation-api-1.3.2.jar:/Users/d4rt4gn4n/Documents/projet_7_openclassroom/library-webapp/~/Documents/Openclassroom/openclassroom/Projet/Annexe/work/env/maven/repository/javax/jws/javax.jws-api/1.1/javax.jws-api-1.1.jar:/Users/d4rt4gn4n/Documents/projet_7_openclassroom/library-webapp/~/Documents/Openclassroom/openclassroom/Projet/Annexe/work/env/maven/repository/org/glassfish/jaxb/jaxb-runtime/2.3.2/jaxb-runtime-2.3.2.jar:/Users/d4rt4gn4n/Documents/projet_7_openclassroom/library-webapp/~/Documents/Openclassroom/openclassroom/Projet/Annexe/work/env/maven/repository/org/glassfish/jaxb/txw2/2.3.2/txw2-2.3.2.jar:/Users/d4rt4gn4n/Documents/projet_7_openclassroom/library-webapp/~/Documents/Openclassroom/openclassroom/Projet/Annexe/work/env/maven/repository/com/sun/istack/istack-commons-runtime/3.0.8/istack-commons-runtime-3.0.8.jar:/Users/d4rt4gn4n/Documents/projet_7_openclassroom/library-webapp/~/Documents/Openclassroom/openclassroom/Projet/Annexe/work/env/maven/repository/com/sun/xml/ws/policy/2.7.5/policy-2.7.5.jar:/Users/d4rt4gn4n/Documents/projet_7_openclassroom/library-webapp/~/Documents/Openclassroom/openclassroom/Projet/Annexe/work/env/maven/repository/com/sun/activation/javax.activation/1.2.0/javax.activation-1.2.0.jar:/Users/d4rt4gn4n/Documents/projet_7_openclassroom/library-webapp/~/Documents/Openclassroom/openclassroom/Projet/Annexe/work/env/maven/repository/org/glassfish/gmbal/gmbal-api-only/3.1.0-b001/gmbal-api-only-3.1.0-b001.jar:/Users/d4rt4gn4n/Documents/projet_7_openclassroom/library-webapp/~/Documents/Openclassroom/openclassroom/Projet/Annexe/work/env/maven/repository/org/glassfish/external/management-api/3.0.0-b012/management-api-3.0.0-b012.jar:/Users/d4rt4gn4n/Documents/projet_7_openclassroom/library-webapp/~/Documents/Openclassroom/openclassroom/Projet/Annexe/work/env/maven/repository/org/jvnet/staxex/stax-ex/1.8/stax-ex-1.8.jar:/Users/d4rt4gn4n/Documents/projet_7_openclassroom/library-webapp/~/Documents/Openclassroom/openclassroom/Projet/Annexe/work/env/maven/repository/com/sun/xml/stream/buffer/streambuffer/1.5.6/streambuffer-1.5.6.jar:/Users/d4rt4gn4n/Documents/projet_7_openclassroom/library-webapp/~/Documents/Openclassroom/openclassroom/Projet/Annexe/work/env/maven/repository/org/jvnet/mimepull/mimepull/1.9.12/mimepull-1.9.12.jar:/Users/d4rt4gn4n/Documents/projet_7_openclassroom/library-webapp/~/Documents/Openclassroom/openclassroom/Projet/Annexe/work/env/maven/repository/com/sun/xml/fastinfoset/FastInfoset/1.2.15/FastInfoset-1.2.15.jar:/Users/d4rt4gn4n/Documents/projet_7_openclassroom/library-webapp/~/Documents/Openclassroom/openclassroom/Projet/Annexe/work/env/maven/repository/org/glassfish/ha/ha-api/3.1.9/ha-api-3.1.9.jar:/Users/d4rt4gn4n/Documents/projet_7_openclassroom/library-webapp/~/Documents/Openclassroom/openclassroom/Projet/Annexe/work/env/maven/repository/com/sun/xml/messaging/saaj/saaj-impl/1.5.1/saaj-impl-1.5.1.jar:/Users/d4rt4gn4n/Documents/projet_7_openclassroom/library-webapp/~/Documents/Openclassroom/openclassroom/Projet/Annexe/work/env/maven/repository/jakarta/xml/soap/jakarta.xml.soap-api/1.4.1/jakarta.xml.soap-api-1.4.1.jar:/Users/d4rt4gn4n/Documents/projet_7_openclassroom/library-webapp/~/Documents/Openclassroom/openclassroom/Projet/Annexe/work/env/maven/repository/com/fasterxml/woodstox/woodstox-core/5.1.0/woodstox-core-5.1.0.jar:/Users/d4rt4gn4n/Documents/projet_7_openclassroom/library-webapp/~/Documents/Openclassroom/openclassroom/Projet/Annexe/work/env/maven/repository/org/codehaus/woodstox/stax2-api/4.1/stax2-api-4.1.jar:/Users/d4rt4gn4n/Documents/projet_7_openclassroom/library-webapp/~/Documents/Openclassroom/openclassroom/Projet/Annexe/work/env/maven/repository/javax/activation/javax.activation-api/1.2.0/javax.activation-api-1.2.0.jar:/Users/d4rt4gn4n/Documents/projet_7_openclassroom/library-webapp/~/Documents/Openclassroom/openclassroom/Projet/Annexe/work/env/maven/repository/com/sun/org/apache/xml/internal/resolver/20050927/resolver-20050927.jar:/Users/d4rt4gn4n/Documents/projet_7_openclassroom/library-webapp/~/Documents/Openclassroom/openclassroom/Projet/Annexe/work/env/maven/repository/com/sun/xml/ws/jaxws-rt/2.3.0/jaxws-rt-2.3.0.jar:/Users/d4rt4gn4n/Documents/projet_7_openclassroom/library-webapp/~/Documents/Openclassroom/openclassroom/Projet/Annexe/work/env/maven/repository/com/sun/xml/bind/jaxb-core/2.3.0/jaxb-core-2.3.0.jar:/Users/d4rt4gn4n/Documents/projet_7_openclassroom/library-webapp/~/Documents/Openclassroom/openclassroom/Projet/Annexe/work/env/maven/repository/com/sun/xml/bind/jaxb-impl/2.3.0/jaxb-impl-2.3.0.jar:/Users/d4rt4gn4n/Documents/projet_7_openclassroom/library-webapp/~/Documents/Openclassroom/openclassroom/Projet/Annexe/work/env/maven/repository/org/codehaus/woodstox/woodstox-core-asl/4.4.1/woodstox-core-asl-4.4.1.jar:/Users/d4rt4gn4n/Documents/projet_7_openclassroom/library-webapp/~/Documents/Openclassroom/openclassroom/Projet/Annexe/work/env/maven/repository/com/sun/xml/ws/jaxws-tools/2.3.0/jaxws-tools-2.3.0.jar:/Users/d4rt4gn4n/Documents/projet_7_openclassroom/library-webapp/~/Documents/Openclassroom/openclassroom/Projet/Annexe/work/env/maven/repository/com/sun/xml/bind/jaxb-xjc/2.3.0/jaxb-xjc-2.3.0.jar:/Users/d4rt4gn4n/Documents/projet_7_openclassroom/library-webapp/~/Documents/Openclassroom/openclassroom/Projet/Annexe/work/env/maven/repository/com/sun/xml/bind/jaxb-jxc/2.3.0/jaxb-jxc-2.3.0.jar:/Users/d4rt4gn4n/Documents/projet_7_openclassroom/library-webapp/~/Documents/Openclassroom/openclassroom/Projet/Annexe/work/env/maven/repository/com/sun/xml/ws/jaxws-eclipselink-plugin/2.3.0/jaxws-eclipselink-plugin-2.3.0.jar:/Users/d4rt4gn4n/Documents/projet_7_openclassroom/library-webapp/~/Documents/Openclassroom/openclassroom/Projet/Annexe/work/env/maven/repository/javax/mail/mail/1.4.7/mail-1.4.7.jar:/Users/d4rt4gn4n/Documents/projet_7_openclassroom/library-webapp/~/Documents/Openclassroom/openclassroom/Projet/Annexe/work/env/maven/repository/org/eclipse/persistence/eclipselink/2.6.4/eclipselink-2.6.4.jar:/Users/d4rt4gn4n/Documents/projet_7_openclassroom/library-webapp/~/Documents/Openclassroom/openclassroom/Projet/Annexe/work/env/maven/repository/org/eclipse/persistence/javax.persistence/2.1.1/javax.persistence-2.1.1.jar:/Users/d4rt4gn4n/Documents/projet_7_openclassroom/library-webapp/~/Documents/Openclassroom/openclassroom/Projet/Annexe/work/env/maven/repository/org/eclipse/persistence/commonj.sdo/2.1.1/commonj.sdo-2.1.1.jar:/Users/d4rt4gn4n/Documents/projet_7_openclassroom/library-webapp/~/Documents/Openclassroom/openclassroom/Projet/Annexe/work/env/maven/repository/javax/validation/validation-api/2.0.1.Final/validation-api-2.0.1.Final.jar:/Users/d4rt4gn4n/Documents/projet_7_openclassroom/library-webapp/~/Documents/Openclassroom/openclassroom/Projet/Annexe/work/env/maven/repository/org/glassfish/javax.json/1.0.4/javax.json-1.0.4.jar:/Users/d4rt4gn4n/Documents/projet_7_openclassroom/library-webapp/~/Documents/Openclassroom/openclassroom/Projet/Annexe/work/env/maven/repository/com/sun/xml/ws/sdo-eclipselink-plugin/2.3.0/sdo-eclipselink-plugin-2.3.0.jar:/Users/d4rt4gn4n/Documents/projet_7_openclassroom/library-webapp/~/Documents/Openclassroom/openclassroom/Projet/Annexe/work/env/maven/repository/commonj/sdo/commonj.sdo/2.1.1.v201112051852/commonj.sdo-2.1.1.v201112051852.jar:/Users/d4rt4gn4n/Documents/projet_7_openclassroom/library-webapp/~/Documents/Openclassroom/openclassroom/Projet/Annexe/work/env/maven/repository/javax/jws/jsr181-api/1.0-MR1/jsr181-api-1.0-MR1.jar:"/>
    <property name="sun.cpu.endian" value="little"/>
    <property name="user.home" value="/Users/d4rt4gn4n"/>
    <property name="user.language" value="en"/>
    <property name="java.specification.vendor" value="Oracle Corporation"/>
    <property name="java.home" value="/Library/Java/JavaVirtualMachines/jdk1.8.0_171.jdk/Contents/Home/jre"/>
    <property name="basedir" value="/Users/d4rt4gn4n/Documents/projet_7_openclassroom/library-webapp"/>
    <property name="file.separator" value="/"/>
    <property name="line.separator" value="&#10;"/>
    <property name="idea.version2019.2.4" value="true"/>
    <property name="java.vm.specification.vendor" value="Oracle Corporation"/>
    <property name="java.specification.name" value="Java Platform API Specification"/>
    <property name="java.awt.graphicsenv" value="sun.awt.CGraphicsEnvironment"/>
    <property name="surefire.real.class.path" value="/Users/d4rt4gn4n/Documents/projet_7_openclassroom/library-webapp/target/surefire/surefirebooter5697030224303362578.jar"/>
    <property name="sun.boot.class.path" value="/Library/Java/JavaVirtualMachines/jdk1.8.0_171.jdk/Contents/Home/jre/lib/resources.jar:/Library/Java/JavaVirtualMachines/jdk1.8.0_171.jdk/Contents/Home/jre/lib/rt.jar:/Library/Java/JavaVirtualMachines/jdk1.8.0_171.jdk/Contents/Home/jre/lib/sunrsasign.jar:/Library/Java/JavaVirtualMachines/jdk1.8.0_171.jdk/Contents/Home/jre/lib/jsse.jar:/Library/Java/JavaVirtualMachines/jdk1.8.0_171.jdk/Contents/Home/jre/lib/jce.jar:/Library/Java/JavaVirtualMachines/jdk1.8.0_171.jdk/Contents/Home/jre/lib/charsets.jar:/Library/Java/JavaVirtualMachines/jdk1.8.0_171.jdk/Contents/Home/jre/lib/jfr.jar:/Library/Java/JavaVirtualMachines/jdk1.8.0_171.jdk/Contents/Home/jre/classes"/>
    <property name="sun.management.compiler" value="HotSpot 64-Bit Tiered Compilers"/>
    <property name="ftp.nonProxyHosts" value="local|*.local|169.254/16|*.169.254/16"/>
    <property name="java.runtime.version" value="1.8.0_171-b11"/>
    <property name="user.name" value="d4rt4gn4n"/>
    <property name="path.separator" value=":"/>
    <property name="os.version" value="10.13.6"/>
    <property name="java.endorsed.dirs" value="/Library/Java/JavaVirtualMachines/jdk1.8.0_171.jdk/Contents/Home/jre/lib/endorsed"/>
    <property name="java.runtime.name" value="Java(TM) SE Runtime Environment"/>
    <property name="file.encoding" value="UTF-8"/>
    <property name="java.vm.name" value="Java HotSpot(TM) 64-Bit Server VM"/>
    <property name="localRepository" value="/Users/d4rt4gn4n/Documents/projet_7_openclassroom/library-webapp/~/Documents/Openclassroom/openclassroom/Projet/Annexe/work/env/maven/repository"/>
    <property name="java.vendor.url.bug" value="http://bugreport.sun.com/bugreport/"/>
    <property name="java.io.tmpdir" value="/var/folders/d8/l7l4dxm122jbhzfyk3lfmzh00000gn/T/"/>
    <property name="java.version" value="1.8.0_171"/>
    <property name="user.dir" value="/Users/d4rt4gn4n/Documents/projet_7_openclassroom/library-webapp"/>
    <property name="os.arch" value="x86_64"/>
    <property name="java.vm.specification.name" value="Java Virtual Machine Specification"/>
    <property name="java.awt.printerjob" value="sun.lwawt.macosx.CPrinterJob"/>
    <property name="sun.os.patch.level" value="unknown"/>
    <property name="java.library.path" value="/Users/d4rt4gn4n/Library/Java/Extensions:/Library/Java/Extensions:/Network/Library/Java/Extensions:/System/Library/Java/Extensions:/usr/lib/java:."/>
    <property name="java.vm.info" value="mixed mode"/>
    <property name="java.vendor" value="Oracle Corporation"/>
    <property name="java.vm.version" value="25.171-b11"/>
    <property name="java.ext.dirs" value="/Users/d4rt4gn4n/Library/Java/Extensions:/Library/Java/JavaVirtualMachines/jdk1.8.0_171.jdk/Contents/Home/jre/lib/ext:/Library/Java/Extensions:/Network/Library/Java/Extensions:/System/Library/Java/Extensions:/usr/lib/java"/>
    <property name="sun.io.unicode.encoding" value="UnicodeBig"/>
    <property name="java.class.version" value="52.0"/>
    <property name="socksNonProxyHosts" value="local|*.local|169.254/16|*.169.254/16"/>
  </properties>
  <testcase name="contextLoads" classname="org.openclassroom.project.librarywebapp.LibraryWebappApplicationTests" time="1.807"/>
</testsuite>